2022-01-13 09:50:36.866  INFO 6004 --- [restartedMain] com.example.demo.UserServiceApplication  : Starting UserServiceApplication using Java 11.0.12 on DESKTOP-0TBE2U5 with PID 6004 (C:\Users\Nilay\Documents\idea-projects\user-service\target\classes started by Nilay in C:\Users\Nilay\Documents\idea-projects\user-service)
2022-01-13 09:50:36.871  INFO 6004 --- [restartedMain] com.example.demo.UserServiceApplication  : No active profile set, falling back to default profiles: default
2022-01-13 09:50:36.958  INFO 6004 --- [restartedMain] .e.DevToolsPropertyDefaultsPostProcessor : Devtools property defaults active! Set 'spring.devtools.add-properties' to 'false' to disable
2022-01-13 09:50:36.959  INFO 6004 --- [restartedMain] .e.DevToolsPropertyDefaultsPostProcessor : For additional web related logging consider setting the 'logging.level.web' property to 'DEBUG'
2022-01-13 09:50:38.680  INFO 6004 --- [restartedMain] .s.d.r.c.RepositoryConfigurationDelegate : Bootstrapping Spring Data JPA repositories in DEFAULT mode.
2022-01-13 09:50:38.759  INFO 6004 --- [restartedMain] .s.d.r.c.RepositoryConfigurationDelegate : Finished Spring Data repository scanning in 63 ms. Found 1 JPA repository interfaces.
2022-01-13 09:50:39.939  INFO 6004 --- [restartedMain] o.s.b.w.embedded.tomcat.TomcatWebServer  : Tomcat initialized with port(s): 8080 (http)
2022-01-13 09:50:39.958  INFO 6004 --- [restartedMain] o.apache.catalina.core.StandardService   : Starting service [Tomcat]
2022-01-13 09:50:39.959  INFO 6004 --- [restartedMain] org.apache.catalina.core.StandardEngine  : Starting Servlet engine: [Apache Tomcat/9.0.56]
2022-01-13 09:50:40.211  INFO 6004 --- [restartedMain] o.a.c.c.C.[Tomcat].[localhost].[/]       : Initializing Spring embedded WebApplicationContext
2022-01-13 09:50:40.211  INFO 6004 --- [restartedMain] w.s.c.ServletWebServerApplicationContext : Root WebApplicationContext: initialization completed in 3246 ms
2022-01-13 09:50:40.468  INFO 6004 --- [restartedMain] com.zaxxer.hikari.HikariDataSource       : HikariPool-1 - Starting...
2022-01-13 09:50:40.868  INFO 6004 --- [restartedMain] com.zaxxer.hikari.HikariDataSource       : HikariPool-1 - Start completed.
2022-01-13 09:50:40.891  INFO 6004 --- [restartedMain] o.s.b.a.h2.H2ConsoleAutoConfiguration    : H2 console available at '/h2'. Database available at 'jdbc:h2:mem:testDB'
2022-01-13 09:50:41.198  INFO 6004 --- [restartedMain] o.hibernate.jpa.internal.util.LogHelper  : HHH000204: Processing PersistenceUnitInfo [name: default]
2022-01-13 09:50:41.286  INFO 6004 --- [restartedMain] org.hibernate.Version                    : HHH000412: Hibernate ORM core version 5.6.3.Final
2022-01-13 09:50:41.658  INFO 6004 --- [restartedMain] o.hibernate.annotations.common.Version   : HCANN000001: Hibernate Commons Annotations {5.1.2.Final}
2022-01-13 09:50:41.945  INFO 6004 --- [restartedMain] org.hibernate.dialect.Dialect            : HHH000400: Using dialect: org.hibernate.dialect.H2Dialect
2022-01-13 09:50:43.753  INFO 6004 --- [restartedMain] o.h.e.t.j.p.i.JtaPlatformInitiator       : HHH000490: Using JtaPlatform implementation: [org.hibernate.engine.transaction.jta.platform.internal.NoJtaPlatform]
2022-01-13 09:50:43.878  INFO 6004 --- [restartedMain] j.LocalContainerEntityManagerFactoryBean : Initialized JPA EntityManagerFactory for persistence unit 'default'
2022-01-13 09:50:44.632  WARN 6004 --- [restartedMain] JpaBaseConfiguration$JpaWebConfiguration : spring.jpa.open-in-view is enabled by default. Therefore, database queries may be performed during view rendering. Explicitly configure spring.jpa.open-in-view to disable this warning
2022-01-13 09:50:45.212  INFO 6004 --- [restartedMain] o.s.b.d.a.OptionalLiveReloadServer       : LiveReload server is running on port 35729
2022-01-13 09:50:45.222  INFO 6004 --- [restartedMain] o.s.b.a.e.web.EndpointLinksResolver      : Exposing 14 endpoint(s) beneath base path '/actuator'
2022-01-13 09:50:45.294  INFO 6004 --- [restartedMain] o.s.b.w.embedded.tomcat.TomcatWebServer  : Tomcat started on port(s): 8080 (http) with context path ''
2022-01-13 09:50:45.317  INFO 6004 --- [restartedMain] com.example.demo.UserServiceApplication  : Started UserServiceApplication in 9.376 seconds (JVM running for 13.346)
2022-01-13 09:50:45.825  INFO 6004 --- [RMI TCP Connection(9)-192.168.240.138] o.a.c.c.C.[Tomcat].[localhost].[/]       : Initializing Spring DispatcherServlet 'dispatcherServlet'
2022-01-13 09:50:45.826  INFO 6004 --- [RMI TCP Connection(9)-192.168.240.138] o.s.web.servlet.DispatcherServlet        : Initializing Servlet 'dispatcherServlet'
2022-01-13 09:50:45.828  INFO 6004 --- [RMI TCP Connection(9)-192.168.240.138] o.s.web.servlet.DispatcherServlet        : Completed initialization in 2 ms
2022-01-13 09:54:55.632  INFO 6004 --- [SpringApplicationShutdownHook] j.LocalContainerEntityManagerFactoryBean : Closing JPA EntityManagerFactory for persistence unit 'default'
2022-01-13 09:54:55.633  INFO 6004 --- [SpringApplicationShutdownHook] .SchemaDropperImpl$DelayedDropActionImpl : HHH000477: Starting delayed evictData of schema as part of SessionFactory shut-down'
2022-01-13 09:54:55.852  WARN 6004 --- [SpringApplicationShutdownHook] o.s.b.f.support.DisposableBeanAdapter    : Invocation of destroy method failed on bean with name 'inMemoryDatabaseShutdownExecutor': org.h2.jdbc.JdbcSQLNonTransientConnectionException: Database is already closed (to disable automatic closing at VM shutdown, add ";DB_CLOSE_ON_EXIT=FALSE" to the db URL) [90121-200]
2022-01-13 09:54:55.856  INFO 6004 --- [SpringApplicationShutdownHook] com.zaxxer.hikari.HikariDataSource       : HikariPool-1 - Shutdown initiated...
2022-01-13 09:54:55.865  INFO 6004 --- [SpringApplicationShutdownHook] com.zaxxer.hikari.HikariDataSource       : HikariPool-1 - Shutdown completed.
